<?xml version="1.0" encoding="UTF-8"?>
<!-- Generated by org.testng.reporters.JUnitReportReporter -->
<testsuite hostname="Marinos-MacBook-Pro.local" failures="0" tests="1" name="resources.tc2_apply_leave" time="1.331" errors="0" timestamp="2025-10-20T22:23:11 IST" skipped="0">
  <testcase classname="resources.tc2_apply_leave" name="tc2_exececute" time="1.331"/>
</testsuite> <!-- resources.tc2_apply_leave -->
