<?xml version="1.0" encoding="UTF-8"?>
<!-- Generated by org.testng.reporters.JUnitReportReporter -->
<testsuite hostname="Marinos-MacBook-Pro.local" failures="0" tests="3" name="orange_tng.login_leave" time="13.547" errors="0" timestamp="2025-10-19T21:18:36 IST" skipped="0">
  <testcase classname="orange_tng.login_leave" name="orange_page" time="4.920"/>
  <testcase classname="orange_tng.login_leave" name="login" time="5.609"/>
  <testcase classname="orange_tng.login_leave" name="leave_menu" time="3.018"/>
</testsuite> <!-- orange_tng.login_leave -->
