<?xml version="1.0" encoding="UTF-8"?>
<!-- Generated by org.testng.reporters.JUnitReportReporter -->
<testsuite hostname="Marinos-MacBook-Pro.local" failures="0" tests="1" name="tc_execution.tc1_login_leave" time="8.953" errors="0" timestamp="2025-10-20T22:27:58 IST" skipped="0">
  <testcase classname="tc_execution.tc1_login_leave" name="tc_execute" time="8.953"/>
</testsuite> <!-- tc_execution.tc1_login_leave -->
