<?xml version="1.0" encoding="UTF-8"?>
<!-- Generated by org.testng.reporters.JUnitReportReporter -->
<testsuite hostname="Marinos-MacBook-Pro.local" failures="0" tests="1" name="tc_execution.tc3_assign_leave" time="15.256" errors="0" timestamp="2025-10-21T02:46:57 IST" skipped="0">
  <testcase classname="tc_execution.tc3_assign_leave" name="assign_leave" time="15.256"/>
</testsuite> <!-- tc_execution.tc3_assign_leave -->
