<?xml version="1.0" encoding="UTF-8"?>
<!-- Generated by org.testng.reporters.JUnitReportReporter -->
<testsuite hostname="Marinos-MacBook-Pro.local" failures="0" tests="1" name="tc_execution.tc2_apply_leave" time="1.314" errors="0" timestamp="2025-10-20T22:27:58 IST" skipped="0">
  <testcase classname="tc_execution.tc2_apply_leave" name="tc2_exececute" time="1.314"/>
</testsuite> <!-- tc_execution.tc2_apply_leave -->
