<?xml version="1.0" encoding="UTF-8"?>
<!-- Generated by org.testng.reporters.JUnitReportReporter -->
<testsuite hostname="Marinos-MacBook-Pro.local" failures="0" tests="1" name="resources.orangehrm" time="8.228" errors="0" timestamp="2025-10-20T20:13:30 IST" skipped="0">
  <testcase classname="resources.orangehrm" name="setupSuite" time="8.228"/>
</testsuite> <!-- resources.orangehrm -->
